<?xml version="1.0" encoding="UTF-8"?>
<!-- Generated by org.testng.reporters.JUnitReportReporter -->
<testsuite hostname="WIN-AL1C08U24NV" failures="0" tests="8" name="crossBrowserTesting.HRMLogin" time="0.027" errors="0" timestamp="2022-11-02T09:06:08 IST" skipped="0">
  <testcase classname="crossBrowserTesting.HRMLogin" name="login" time="0.003"/>
  <system-out/>
  <testcase classname="crossBrowserTesting.HRMLogin" name="login" time="0.008"/>
  <system-out/>
  <testcase classname="crossBrowserTesting.HRMLogin" name="additems" time="0.004"/>
  <system-out/>
  <testcase classname="crossBrowserTesting.HRMLogin" name="additems" time="0.004"/>
  <system-out/>
  <testcase classname="crossBrowserTesting.HRMLogin" name="payment" time="0.002"/>
  <system-out/>
  <testcase classname="crossBrowserTesting.HRMLogin" name="payment" time="0.002"/>
  <system-out/>
  <testcase classname="crossBrowserTesting.HRMLogin" name="logout" time="0.002"/>
  <system-out/>
  <testcase classname="crossBrowserTesting.HRMLogin" name="logout" time="0.002"/>
  <system-out/>
</testsuite> <!-- crossBrowserTesting.HRMLogin -->
